<?xml version="1.0" encoding="UTF-8"?>
<!-- Generated by org.testng.reporters.JUnitXMLReporter -->
<testsuite ignored="0" hostname="JoshnaRajput" failures="10" tests="14" name="Chrome" time="864.674" errors="0" timestamp="2025-04-03T16:17:13 IST">
  <testcase classname="com.qa.HIS.BrowserCompatibility_HIS.AudioVideoConsultationCRTest" name="doLoginTest" time="1.053"/>
  <testcase classname="com.qa.HIS.BrowserCompatibility_HIS.AudioVideoConsultationCRTest" name="doNavigateToSelectHospitalLocationTest" time="0.004"/>
  <testcase classname="com.qa.HIS.BrowserCompatibility_HIS.AudioVideoConsultationCRTest" name="doNavigateToHISHomeTest" time="11.978"/>
  <testcase classname="com.qa.HIS.BrowserCompatibility_HIS.AudioVideoConsultationCRTest" name="doNavigateToDrWorkList" time="1.627"/>
  <testcase classname="com.qa.HIS.BrowserCompatibility_HIS.AudioVideoConsultationCRTest" name="donavigatetoVideoConsultationpage" time="101.166">
    <failure type="java.lang.NullPointerException" message="Cannot invoke &amp;quot;org.openqa.selenium.WebElement.click()&amp;quot; because the return value of &amp;quot;com.qa.pages.AudioVideoConsultationCR.getVideoConsultationCheckinlink()&amp;quot; is null">
      <![CDATA[java.lang.NullPointerException: Cannot invoke "org.openqa.selenium.WebElement.click()" because the return value of "com.qa.pages.AudioVideoConsultationCR.getVideoConsultationCheckinlink()" is null
at com.qa.HIS.BrowserCompatibility_HIS.AudioVideoConsultationCRTest.donavigatetoVideoConsultationpage(AudioVideoConsultationCRTest.java:101)
at java.base/java.util.ArrayList.forEach(ArrayList.java:1596)
... Removed 25 stack frames]]>
    </failure>
  </testcase> <!-- donavigatetoVideoConsultationpage -->
  <testcase classname="com.qa.HIS.BrowserCompatibility_HIS.AudioVideoConsultationCRTest" name="CheckFunctionalityOfChiefComplants" time="82.069">
    <failure type="java.lang.NullPointerException" message="Cannot invoke &amp;quot;org.openqa.selenium.WebElement.sendKeys(java.lang.CharSequence[])&amp;quot; because the return value of &amp;quot;com.qa.pages.AudioVideoConsultationCR.getSearchChiefComplaints()&amp;quot; is null">
      <![CDATA[java.lang.NullPointerException: Cannot invoke "org.openqa.selenium.WebElement.sendKeys(java.lang.CharSequence[])" because the return value of "com.qa.pages.AudioVideoConsultationCR.getSearchChiefComplaints()" is null
at com.qa.HIS.BrowserCompatibility_HIS.AudioVideoConsultationCRTest.CheckFunctionalityOfChiefComplants(AudioVideoConsultationCRTest.java:128)
at java.base/java.util.ArrayList.forEach(ArrayList.java:1596)
... Removed 25 stack frames]]>
    </failure>
  </testcase> <!-- CheckFunctionalityOfChiefComplants -->
  <testcase classname="com.qa.HIS.BrowserCompatibility_HIS.AudioVideoConsultationCRTest" name="CheckFunctionalityOfPastHistory" time="82.103">
    <failure type="java.lang.NullPointerException" message="Cannot invoke &amp;quot;org.openqa.selenium.WebElement.click()&amp;quot; because the return value of &amp;quot;com.qa.pages.AudioVideoConsultationCR.getPastHistoryTab()&amp;quot; is null">
      <![CDATA[java.lang.NullPointerException: Cannot invoke "org.openqa.selenium.WebElement.click()" because the return value of "com.qa.pages.AudioVideoConsultationCR.getPastHistoryTab()" is null
at com.qa.HIS.BrowserCompatibility_HIS.AudioVideoConsultationCRTest.CheckFunctionalityOfPastHistory(AudioVideoConsultationCRTest.java:174)
at java.base/java.util.ArrayList.forEach(ArrayList.java:1596)
... Removed 25 stack frames]]>
    </failure>
  </testcase> <!-- CheckFunctionalityOfPastHistory -->
  <testcase classname="com.qa.HIS.BrowserCompatibility_HIS.AudioVideoConsultationCRTest" name="CheckFunctionalityOfHistoryOfPresentillness" time="82.085">
    <failure type="java.lang.NullPointerException" message="Cannot invoke &amp;quot;org.openqa.selenium.WebElement.click()&amp;quot; because the return value of &amp;quot;com.qa.pages.AudioVideoConsultationCR.getHistoryOfPresentIllnessTab()&amp;quot; is null">
      <![CDATA[java.lang.NullPointerException: Cannot invoke "org.openqa.selenium.WebElement.click()" because the return value of "com.qa.pages.AudioVideoConsultationCR.getHistoryOfPresentIllnessTab()" is null
at com.qa.HIS.BrowserCompatibility_HIS.AudioVideoConsultationCRTest.CheckFunctionalityOfHistoryOfPresentillness(AudioVideoConsultationCRTest.java:312)
at java.base/java.util.ArrayList.forEach(ArrayList.java:1596)
... Removed 25 stack frames]]>
    </failure>
  </testcase> <!-- CheckFunctionalityOfHistoryOfPresentillness -->
  <testcase classname="com.qa.HIS.BrowserCompatibility_HIS.AudioVideoConsultationCRTest" name="CheckFunctionalityOfRefferalAdvice" time="82.06">
    <failure type="java.lang.NullPointerException" message="Cannot invoke &amp;quot;org.openqa.selenium.WebElement.click()&amp;quot; because the return value of &amp;quot;com.qa.pages.AudioVideoConsultationCR.getReferralAdviceTab()&amp;quot; is null">
      <![CDATA[java.lang.NullPointerException: Cannot invoke "org.openqa.selenium.WebElement.click()" because the return value of "com.qa.pages.AudioVideoConsultationCR.getReferralAdviceTab()" is null
at com.qa.HIS.BrowserCompatibility_HIS.AudioVideoConsultationCRTest.CheckFunctionalityOfRefferalAdvice(AudioVideoConsultationCRTest.java:343)
at java.base/java.util.ArrayList.forEach(ArrayList.java:1596)
... Removed 25 stack frames]]>
    </failure>
  </testcase> <!-- CheckFunctionalityOfRefferalAdvice -->
  <testcase classname="com.qa.HIS.BrowserCompatibility_HIS.AudioVideoConsultationCRTest" name="CheckFunctionalityOfFollowUp" time="82.126">
    <failure type="java.lang.NullPointerException" message="Cannot invoke &amp;quot;org.openqa.selenium.WebElement.click()&amp;quot; because the return value of &amp;quot;com.qa.pages.AudioVideoConsultationCR.getfollowuptab()&amp;quot; is null">
      <![CDATA[java.lang.NullPointerException: Cannot invoke "org.openqa.selenium.WebElement.click()" because the return value of "com.qa.pages.AudioVideoConsultationCR.getfollowuptab()" is null
at com.qa.HIS.BrowserCompatibility_HIS.AudioVideoConsultationCRTest.CheckFunctionalityOfFollowUp(AudioVideoConsultationCRTest.java:396)
at java.base/java.util.ArrayList.forEach(ArrayList.java:1596)
... Removed 25 stack frames]]>
    </failure>
  </testcase> <!-- CheckFunctionalityOfFollowUp -->
  <testcase classname="com.qa.HIS.BrowserCompatibility_HIS.AudioVideoConsultationCRTest" name="CheckFunctionalityofmedicationInPrescriptions" time="82.133">
    <failure type="java.lang.NullPointerException" message="Cannot invoke &amp;quot;org.openqa.selenium.WebElement.click()&amp;quot; because the return value of &amp;quot;com.qa.pages.AudioVideoConsultationCR.getPrescriptionTab()&amp;quot; is null">
      <![CDATA[java.lang.NullPointerException: Cannot invoke "org.openqa.selenium.WebElement.click()" because the return value of "com.qa.pages.AudioVideoConsultationCR.getPrescriptionTab()" is null
at com.qa.HIS.BrowserCompatibility_HIS.AudioVideoConsultationCRTest.CheckFunctionalityofmedicationInPrescriptions(AudioVideoConsultationCRTest.java:432)
at java.base/java.util.ArrayList.forEach(ArrayList.java:1596)
... Removed 25 stack frames]]>
    </failure>
  </testcase> <!-- CheckFunctionalityofmedicationInPrescriptions -->
  <testcase classname="com.qa.HIS.BrowserCompatibility_HIS.AudioVideoConsultationCRTest" name="CheckFunctionalityOfInvesitgationPrescriptions" time="82.118">
    <failure type="java.lang.NullPointerException" message="Cannot invoke &amp;quot;org.openqa.selenium.WebElement.click()&amp;quot; because the return value of &amp;quot;com.qa.pages.AudioVideoConsultationCR.getPrescriptions_InvestigationsTab()&amp;quot; is null">
      <![CDATA[java.lang.NullPointerException: Cannot invoke "org.openqa.selenium.WebElement.click()" because the return value of "com.qa.pages.AudioVideoConsultationCR.getPrescriptions_InvestigationsTab()" is null
at com.qa.HIS.BrowserCompatibility_HIS.AudioVideoConsultationCRTest.CheckFunctionalityOfInvesitgationPrescriptions(AudioVideoConsultationCRTest.java:520)
at java.base/java.util.ArrayList.forEach(ArrayList.java:1596)
... Removed 25 stack frames]]>
    </failure>
  </testcase> <!-- CheckFunctionalityOfInvesitgationPrescriptions -->
  <testcase classname="com.qa.HIS.BrowserCompatibility_HIS.AudioVideoConsultationCRTest" name="CheckFunctionalityOfDiagnosisPrescriptions" time="82.079">
    <failure type="java.lang.NullPointerException" message="Cannot invoke &amp;quot;org.openqa.selenium.WebElement.click()&amp;quot; because the return value of &amp;quot;com.qa.pages.AudioVideoConsultationCR.getPrescriptions_DiagnosisTab()&amp;quot; is null">
      <![CDATA[java.lang.NullPointerException: Cannot invoke "org.openqa.selenium.WebElement.click()" because the return value of "com.qa.pages.AudioVideoConsultationCR.getPrescriptions_DiagnosisTab()" is null
at com.qa.HIS.BrowserCompatibility_HIS.AudioVideoConsultationCRTest.CheckFunctionalityOfDiagnosisPrescriptions(AudioVideoConsultationCRTest.java:556)
at java.base/java.util.ArrayList.forEach(ArrayList.java:1596)
... Removed 25 stack frames]]>
    </failure>
  </testcase> <!-- CheckFunctionalityOfDiagnosisPrescriptions -->
  <testcase classname="com.qa.HIS.BrowserCompatibility_HIS.AudioVideoConsultationCRTest" name="CheckFunctionalityOfclinicaladvicePrescriptions" time="82.096">
    <failure type="java.lang.NullPointerException" message="Cannot invoke &amp;quot;org.openqa.selenium.WebElement.click()&amp;quot; because the return value of &amp;quot;com.qa.pages.AudioVideoConsultationCR.getPrescriptions_AdviceTab()&amp;quot; is null">
      <![CDATA[java.lang.NullPointerException: Cannot invoke "org.openqa.selenium.WebElement.click()" because the return value of "com.qa.pages.AudioVideoConsultationCR.getPrescriptions_AdviceTab()" is null
at com.qa.HIS.BrowserCompatibility_HIS.AudioVideoConsultationCRTest.CheckFunctionalityOfclinicaladvicePrescriptions(AudioVideoConsultationCRTest.java:615)
at java.base/java.util.ArrayList.forEach(ArrayList.java:1596)
... Removed 25 stack frames]]>
    </failure>
  </testcase> <!-- CheckFunctionalityOfclinicaladvicePrescriptions -->
</testsuite> <!-- Chrome -->
