<?xml version="1.0" encoding="UTF-8"?>
<testng-results ignored="0" total="8" passed="6" failed="2" skipped="0">
  <reporter-output>
  </reporter-output>
  <suite started-at="2025-04-01T11:00:43 IST" name="Suite" finished-at="2025-04-01T11:01:59 IST" duration-ms="76205">
    <groups>
    </groups>
    <test started-at="2025-04-01T11:00:43 IST" name="Firefox" finished-at="2025-04-01T11:01:59 IST" duration-ms="76205">
      <class name="com.qa.HIS.BrowserCompatibility_HIS.MaternityCertificateTest">
        <test-method is-config="true" signature="setup(java.lang.String)[pri:0, instance:com.qa.HIS.BrowserCompatibility_HIS.MaternityCertificateTest@13c3c1e1]" started-at="2025-04-01T11:00:43 IST" name="setup" finished-at="2025-04-01T11:00:47 IST" duration-ms="4246" status="PASS">
          <params>
            <param index="0">
              <value>
                <![CDATA[firefox]]>
              </value>
            </param>
          </params>
          <reporter-output>
          </reporter-output>
        </test-method> <!-- setup -->
        <test-method signature="doLoginTest()[pri:0, instance:com.qa.HIS.BrowserCompatibility_HIS.MaternityCertificateTest@13c3c1e1]" started-at="2025-04-01T11:00:48 IST" name="doLoginTest" finished-at="2025-04-01T11:00:48 IST" duration-ms="866" status="PASS">
          <reporter-output>
          </reporter-output>
        </test-method> <!-- doLoginTest -->
        <test-method signature="doNavigateToSelectHospitalLocationTest()[pri:1, instance:com.qa.HIS.BrowserCompatibility_HIS.MaternityCertificateTest@13c3c1e1]" started-at="2025-04-01T11:00:49 IST" name="doNavigateToSelectHospitalLocationTest" finished-at="2025-04-01T11:00:49 IST" duration-ms="4" status="PASS">
          <reporter-output>
          </reporter-output>
        </test-method> <!-- doNavigateToSelectHospitalLocationTest -->
        <test-method signature="doNavigateToHISHomeTest(java.lang.String)[pri:2, instance:com.qa.HIS.BrowserCompatibility_HIS.MaternityCertificateTest@13c3c1e1]" started-at="2025-04-01T11:00:49 IST" name="doNavigateToHISHomeTest" finished-at="2025-04-01T11:00:58 IST" duration-ms="9444" status="PASS">
          <params>
            <param index="0">
              <value>
                <![CDATA[firefox]]>
              </value>
            </param>
          </params>
          <reporter-output>
          </reporter-output>
        </test-method> <!-- doNavigateToHISHomeTest -->
        <test-method signature="TC_MA_003()[pri:3, instance:com.qa.HIS.BrowserCompatibility_HIS.MaternityCertificateTest@13c3c1e1]" started-at="2025-04-01T11:00:58 IST" name="TC_MA_003" finished-at="2025-04-01T11:00:58 IST" duration-ms="6" status="PASS">
          <reporter-output>
          </reporter-output>
        </test-method> <!-- TC_MA_003 -->
        <test-method signature="doNavigateToPatientCheckinLinkTest()[pri:4, instance:com.qa.HIS.BrowserCompatibility_HIS.MaternityCertificateTest@13c3c1e1]" started-at="2025-04-01T11:00:58 IST" name="doNavigateToPatientCheckinLinkTest" finished-at="2025-04-01T11:01:02 IST" duration-ms="3700" status="PASS">
          <reporter-output>
          </reporter-output>
        </test-method> <!-- doNavigateToPatientCheckinLinkTest -->
        <test-method signature="doCreateCheckInPageTest()[pri:5, instance:com.qa.HIS.BrowserCompatibility_HIS.MaternityCertificateTest@13c3c1e1]" started-at="2025-04-01T11:01:02 IST" name="doCreateCheckInPageTest" finished-at="2025-04-01T11:01:28 IST" duration-ms="25634" status="PASS">
          <reporter-output>
          </reporter-output>
        </test-method> <!-- doCreateCheckInPageTest -->
        <test-method signature="docreate_materntycertificate()[pri:6, instance:com.qa.HIS.BrowserCompatibility_HIS.MaternityCertificateTest@13c3c1e1]" started-at="2025-04-01T11:01:28 IST" name="docreate_materntycertificate" finished-at="2025-04-01T11:01:54 IST" duration-ms="26547" status="FAIL">
          <exception class="java.lang.NullPointerException">
            <message>
              <![CDATA[Cannot invoke "org.openqa.selenium.WebElement.isDisplayed()" because "element" is null]]>
            </message>
            <full-stacktrace>
              <![CDATA[java.lang.NullPointerException: Cannot invoke "org.openqa.selenium.WebElement.isDisplayed()" because "element" is null
at org.openqa.selenium.support.ui.ExpectedConditions.elementIfVisible(ExpectedConditions.java:304)
at org.openqa.selenium.support.ui.ExpectedConditions.access$000(ExpectedConditions.java:37)
at org.openqa.selenium.support.ui.ExpectedConditions$10.apply(ExpectedConditions.java:290)
at org.openqa.selenium.support.ui.ExpectedConditions$10.apply(ExpectedConditions.java:287)
at org.openqa.selenium.support.ui.FluentWait.until(FluentWait.java:205)
at com.qa.HIS.BrowserCompatibility_HIS.MaternityCertificateTest.docreate_materntycertificate(MaternityCertificateTest.java:146)
at java.base/jdk.internal.reflect.DirectMethodHandleAccessor.invoke(DirectMethodHandleAccessor.java:103)
at java.base/java.lang.reflect.Method.invoke(Method.java:580)
at org.testng.internal.invokers.MethodInvocationHelper.invokeMethod(MethodInvocationHelper.java:141)
at org.testng.internal.invokers.TestInvoker.invokeMethod(TestInvoker.java:687)
at org.testng.internal.invokers.TestInvoker.invokeTestMethod(TestInvoker.java:230)
at org.testng.internal.invokers.MethodRunner.runInSequence(MethodRunner.java:63)
at org.testng.internal.invokers.TestInvoker$MethodInvocationAgent.invoke(TestInvoker.java:995)
at org.testng.internal.invokers.TestInvoker.invokeTestMethods(TestInvoker.java:203)
at org.testng.internal.invokers.TestMethodWorker.invokeTestMethods(TestMethodWorker.java:154)
at org.testng.internal.invokers.TestMethodWorker.run(TestMethodWorker.java:134)
at java.base/java.util.ArrayList.forEach(ArrayList.java:1596)
at org.testng.TestRunner.privateRun(TestRunner.java:741)
at org.testng.TestRunner.run(TestRunner.java:616)
at org.testng.SuiteRunner.runTest(SuiteRunner.java:421)
at org.testng.SuiteRunner.runSequentially(SuiteRunner.java:413)
at org.testng.SuiteRunner.privateRun(SuiteRunner.java:373)
at org.testng.SuiteRunner.run(SuiteRunner.java:312)
at org.testng.SuiteRunnerWorker.runSuite(SuiteRunnerWorker.java:52)
at org.testng.SuiteRunnerWorker.run(SuiteRunnerWorker.java:95)
at org.testng.TestNG.runSuitesSequentially(TestNG.java:1274)
at org.testng.TestNG.runSuitesLocally(TestNG.java:1208)
at org.testng.TestNG.runSuites(TestNG.java:1112)
at org.testng.TestNG.run(TestNG.java:1079)
at org.testng.remote.AbstractRemoteTestNG.run(AbstractRemoteTestNG.java:115)
at org.testng.remote.RemoteTestNG.initAndRun(RemoteTestNG.java:293)
at org.testng.remote.RemoteTestNG.main(RemoteTestNG.java:91)
]]>
            </full-stacktrace>
          </exception> <!-- java.lang.NullPointerException -->
          <reporter-output>
          </reporter-output>
        </test-method> <!-- docreate_materntycertificate -->
        <test-method signature="testcaseforMaternityCertification(java.lang.String)[pri:7, instance:com.qa.HIS.BrowserCompatibility_HIS.MaternityCertificateTest@13c3c1e1]" started-at="2025-04-01T11:01:54 IST" name="testcaseforMaternityCertification" finished-at="2025-04-01T11:01:59 IST" duration-ms="5031" status="FAIL">
          <params>
            <param index="0">
              <value>
                <![CDATA[firefox]]>
              </value>
            </param>
          </params>
          <exception class="java.lang.NullPointerException">
            <message>
              <![CDATA[Cannot invoke "com.qa.pages.MaternityCertificatepages.getMaternitycertification_IPnoLink()" because "this.MC" is null]]>
            </message>
            <full-stacktrace>
              <![CDATA[java.lang.NullPointerException: Cannot invoke "com.qa.pages.MaternityCertificatepages.getMaternitycertification_IPnoLink()" because "this.MC" is null
at com.qa.HIS.BrowserCompatibility_HIS.MaternityCertificateTest.testcaseforMaternityCertification(MaternityCertificateTest.java:265)
at java.base/jdk.internal.reflect.DirectMethodHandleAccessor.invoke(DirectMethodHandleAccessor.java:103)
at java.base/java.lang.reflect.Method.invoke(Method.java:580)
at org.testng.internal.invokers.MethodInvocationHelper.invokeMethod(MethodInvocationHelper.java:141)
at org.testng.internal.invokers.TestInvoker.invokeMethod(TestInvoker.java:687)
at org.testng.internal.invokers.TestInvoker.invokeTestMethod(TestInvoker.java:230)
at org.testng.internal.invokers.MethodRunner.runInSequence(MethodRunner.java:63)
at org.testng.internal.invokers.TestInvoker$MethodInvocationAgent.invoke(TestInvoker.java:995)
at org.testng.internal.invokers.TestInvoker.invokeTestMethods(TestInvoker.java:203)
at org.testng.internal.invokers.TestMethodWorker.invokeTestMethods(TestMethodWorker.java:154)
at org.testng.internal.invokers.TestMethodWorker.run(TestMethodWorker.java:134)
at java.base/java.util.ArrayList.forEach(ArrayList.java:1596)
at org.testng.TestRunner.privateRun(TestRunner.java:741)
at org.testng.TestRunner.run(TestRunner.java:616)
at org.testng.SuiteRunner.runTest(SuiteRunner.java:421)
at org.testng.SuiteRunner.runSequentially(SuiteRunner.java:413)
at org.testng.SuiteRunner.privateRun(SuiteRunner.java:373)
at org.testng.SuiteRunner.run(SuiteRunner.java:312)
at org.testng.SuiteRunnerWorker.runSuite(SuiteRunnerWorker.java:52)
at org.testng.SuiteRunnerWorker.run(SuiteRunnerWorker.java:95)
at org.testng.TestNG.runSuitesSequentially(TestNG.java:1274)
at org.testng.TestNG.runSuitesLocally(TestNG.java:1208)
at org.testng.TestNG.runSuites(TestNG.java:1112)
at org.testng.TestNG.run(TestNG.java:1079)
at org.testng.remote.AbstractRemoteTestNG.run(AbstractRemoteTestNG.java:115)
at org.testng.remote.RemoteTestNG.initAndRun(RemoteTestNG.java:293)
at org.testng.remote.RemoteTestNG.main(RemoteTestNG.java:91)
]]>
            </full-stacktrace>
          </exception> <!-- java.lang.NullPointerException -->
          <reporter-output>
          </reporter-output>
        </test-method> <!-- testcaseforMaternityCertification -->
        <test-method is-config="true" signature="closeBrowser()[pri:0, instance:com.qa.HIS.BrowserCompatibility_HIS.MaternityCertificateTest@13c3c1e1]" started-at="2025-04-01T11:01:59 IST" name="closeBrowser" finished-at="2025-04-01T11:01:59 IST" duration-ms="0" status="PASS">
          <reporter-output>
          </reporter-output>
        </test-method> <!-- closeBrowser -->
      </class> <!-- com.qa.HIS.BrowserCompatibility_HIS.MaternityCertificateTest -->
    </test> <!-- Firefox -->
  </suite> <!-- Suite -->
</testng-results>
